# JRE version: OpenJDK Runtime Environment (21.0.5) (build 21.0.5+-12932927-b750.29)
# Java VM: OpenJDK 64-Bit Server VM (21.0.5+-12932927-b750.29, mixed mode, tiered, compressed oops, compressed class ptrs, g1 gc, windows-amd64)
GC Precious Log:
 CardTable entry size: 512
 Card Set container configuration: InlinePtr #cards 5 size 8 Array Of Cards #cards 12 size 40 Howl #buckets 4 coarsen threshold 1843 Howl Bitmap #cards 512 size 80 coarsen threshold 460 Card regions per heap region 1 cards per card region 2048
 CPUs: 8 total, 8 available
 Memory: 8035M
 Large Page Support: Disabled
 NUMA Support: Disabled
 Compressed Oops: Enabled (32-bit)
 Heap Region Size: 1M
 Heap Min Capacity: 8M
 Heap Initial Capacity: 126M
 Heap Max Capacity: 2G
 Pre-touch: Disabled
 Parallel Workers: 8
 Concurrent Workers: 2
 Concurrent Refinement Workers: 8
 Periodic GC: Disabled
Heap:
 garbage-first heap   total 157696K, used 104676K [0x0000000080000000, 0x0000000100000000)
  region size 1024K, 14 young (14336K), 4 survivors (4096K)
 Metaspace       used 97462K, committed 99456K, reserved 1179648K
  class space    used 13302K, committed 14272K, reserved 1048576K
GC Heap History (20 events):
Event: 13.687 GC heap before
{Heap before GC invocations=21 (full 0):
 garbage-first heap   total 109568K, used 73663K [0x0000000080000000, 0x0000000100000000)
  region size 1024K, 20 young (20480K), 6 survivors (6144K)
 Metaspace       used 69934K, committed 71616K, reserved 1114112K
  class space    used 9471K, committed 10304K, reserved 1048576K
}
Event: 13.692 GC heap after
{Heap after GC invocations=22 (full 0):
 garbage-first heap   total 109568K, used 63893K [0x0000000080000000, 0x0000000100000000)
  region size 1024K, 3 young (3072K), 3 survivors (3072K)
 Metaspace       used 69934K, committed 71616K, reserved 1114112K
  class space    used 9471K, committed 10304K, reserved 1048576K
}
Event: 14.492 GC heap before
{Heap before GC invocations=23 (full 0):
 garbage-first heap   total 121856K, used 103829K [0x0000000080000000, 0x0000000100000000)
  region size 1024K, 34 young (34816K), 3 survivors (3072K)
 Metaspace       used 72565K, committed 74240K, reserved 1114112K
  class space    used 9811K, committed 10624K, reserved 1048576K
}
Event: 14.497 GC heap after
{Heap after GC invocations=24 (full 0):
 garbage-first heap   total 150528K, used 76607K [0x0000000080000000, 0x0000000100000000)
  region size 1024K, 5 young (5120K), 5 survivors (5120K)
 Metaspace       used 72565K, committed 74240K, reserved 1114112K
  class space    used 9811K, committed 10624K, reserved 1048576K
}
Event: 15.175 GC heap before
{Heap before GC invocations=24 (full 0):
 garbage-first heap   total 150528K, used 121663K [0x0000000080000000, 0x0000000100000000)
  region size 1024K, 49 young (50176K), 5 survivors (5120K)
 Metaspace       used 76028K, committed 77760K, reserved 1179648K
  class space    used 10286K, committed 11136K, reserved 1048576K
}
Event: 15.179 GC heap after
{Heap after GC invocations=25 (full 0):
 garbage-first heap   total 150528K, used 80704K [0x0000000080000000, 0x0000000100000000)
  region size 1024K, 7 young (7168K), 7 survivors (7168K)
 Metaspace       used 76028K, committed 77760K, reserved 1179648K
  class space    used 10286K, committed 11136K, reserved 1048576K
}
Event: 15.980 GC heap before
{Heap before GC invocations=25 (full 0):
 garbage-first heap   total 150528K, used 124736K [0x0000000080000000, 0x0000000100000000)
  region size 1024K, 51 young (52224K), 7 survivors (7168K)
 Metaspace       used 80715K, committed 82560K, reserved 1179648K
  class space    used 10834K, committed 11776K, reserved 1048576K
}
Event: 15.985 GC heap after
{Heap after GC invocations=26 (full 0):
 garbage-first heap   total 150528K, used 81518K [0x0000000080000000, 0x0000000100000000)
  region size 1024K, 5 young (5120K), 5 survivors (5120K)
 Metaspace       used 80715K, committed 82560K, reserved 1179648K
  class space    used 10834K, committed 11776K, reserved 1048576K
}
Event: 16.451 GC heap before
{Heap before GC invocations=26 (full 0):
 garbage-first heap   total 150528K, used 100974K [0x0000000080000000, 0x0000000100000000)
  region size 1024K, 25 young (25600K), 5 survivors (5120K)
 Metaspace       used 83561K, committed 85504K, reserved 1179648K
  class space    used 11221K, committed 12160K, reserved 1048576K
}
Event: 16.457 GC heap after
{Heap after GC invocations=27 (full 0):
 garbage-first heap   total 150528K, used 83859K [0x0000000080000000, 0x0000000100000000)
  region size 1024K, 4 young (4096K), 4 survivors (4096K)
 Metaspace       used 83561K, committed 85504K, reserved 1179648K
  class space    used 11221K, committed 12160K, reserved 1048576K
}
Event: 17.236 GC heap before
{Heap before GC invocations=28 (full 0):
 garbage-first heap   total 152576K, used 137107K [0x0000000080000000, 0x0000000100000000)
  region size 1024K, 50 young (51200K), 4 survivors (4096K)
 Metaspace       used 86193K, committed 88064K, reserved 1179648K
  class space    used 11566K, committed 12480K, reserved 1048576K
}
Event: 17.243 GC heap after
{Heap after GC invocations=29 (full 0):
 garbage-first heap   total 152576K, used 87552K [0x0000000080000000, 0x0000000100000000)
  region size 1024K, 7 young (7168K), 7 survivors (7168K)
 Metaspace       used 86193K, committed 88064K, reserved 1179648K
  class space    used 11566K, committed 12480K, reserved 1048576K
}
Event: 17.988 GC heap before
{Heap before GC invocations=29 (full 0):
 garbage-first heap   total 152576K, used 133632K [0x0000000080000000, 0x0000000100000000)
  region size 1024K, 52 young (53248K), 7 survivors (7168K)
 Metaspace       used 88904K, committed 90816K, reserved 1179648K
  class space    used 11924K, committed 12864K, reserved 1048576K
}
Event: 17.999 GC heap after
{Heap after GC invocations=30 (full 0):
 garbage-first heap   total 152576K, used 92262K [0x0000000080000000, 0x0000000100000000)
  region size 1024K, 6 young (6144K), 6 survivors (6144K)
 Metaspace       used 88904K, committed 90816K, reserved 1179648K
  class space    used 11924K, committed 12864K, reserved 1048576K
}
Event: 18.563 GC heap before
{Heap before GC invocations=30 (full 0):
 garbage-first heap   total 152576K, used 136294K [0x0000000080000000, 0x0000000100000000)
  region size 1024K, 49 young (50176K), 6 survivors (6144K)
 Metaspace       used 90477K, committed 92416K, reserved 1179648K
  class space    used 12148K, committed 13120K, reserved 1048576K
}
Event: 18.570 GC heap after
{Heap after GC invocations=31 (full 0):
 garbage-first heap   total 152576K, used 93784K [0x0000000080000000, 0x0000000100000000)
  region size 1024K, 4 young (4096K), 4 survivors (4096K)
 Metaspace       used 90477K, committed 92416K, reserved 1179648K
  class space    used 12148K, committed 13120K, reserved 1048576K
}
Event: 19.340 GC heap before
{Heap before GC invocations=32 (full 0):
 garbage-first heap   total 157696K, used 136792K [0x0000000080000000, 0x0000000100000000)
  region size 1024K, 46 young (47104K), 4 survivors (4096K)
 Metaspace       used 93560K, committed 95424K, reserved 1179648K
  class space    used 12694K, committed 13632K, reserved 1048576K
}
Event: 19.346 GC heap after
{Heap after GC invocations=33 (full 0):
 garbage-first heap   total 157696K, used 95817K [0x0000000080000000, 0x0000000100000000)
  region size 1024K, 2 young (2048K), 2 survivors (2048K)
 Metaspace       used 93560K, committed 95424K, reserved 1179648K
  class space    used 12694K, committed 13632K, reserved 1048576K
}
Event: 20.048 GC heap before
{Heap before GC invocations=33 (full 0):
 garbage-first heap   total 157696K, used 141897K [0x0000000080000000, 0x0000000100000000)
  region size 1024K, 47 young (48128K), 2 survivors (2048K)
 Metaspace       used 96859K, committed 98816K, reserved 1179648K
  class space    used 13210K, committed 14144K, reserved 1048576K
}
Event: 20.053 GC heap after
{Heap after GC invocations=34 (full 0):
 garbage-first heap   total 157696K, used 95460K [0x0000000080000000, 0x0000000100000000)
  region size 1024K, 4 young (4096K), 4 survivors (4096K)
 Metaspace       used 96859K, committed 98816K, reserved 1179648K
  class space    used 13210K, committed 14144K, reserved 1048576K
}

