# JRE version: OpenJDK Runtime Environment (21.0.5) (build 21.0.5+-12932927-b750.29)
# Java VM: OpenJDK 64-Bit Server VM (21.0.5+-12932927-b750.29, mixed mode, tiered, compressed oops, compressed class ptrs, g1 gc, windows-amd64)
GC Precious Log:
 CardTable entry size: 512
 Card Set container configuration: InlinePtr #cards 5 size 8 Array Of Cards #cards 12 size 40 Howl #buckets 4 coarsen threshold 1843 Howl Bitmap #cards 512 size 80 coarsen threshold 460 Card regions per heap region 1 cards per card region 2048
 CPUs: 8 total, 8 available
 Memory: 8035M
 Large Page Support: Disabled
 NUMA Support: Disabled
 Compressed Oops: Enabled (32-bit)
 Heap Region Size: 1M
 Heap Min Capacity: 8M
 Heap Initial Capacity: 126M
 Heap Max Capacity: 2G
 Pre-touch: Disabled
 Parallel Workers: 8
 Concurrent Workers: 2
 Concurrent Refinement Workers: 8
 Periodic GC: Disabled
Heap:
 garbage-first heap   total 316416K, used 167293K [0x0000000080000000, 0x0000000100000000)
  region size 1024K, 28 young (28672K), 8 survivors (8192K)
 Metaspace       used 134742K, committed 137024K, reserved 1179648K
  class space    used 18488K, committed 19648K, reserved 1048576K
GC Heap History (20 events):
Event: 46.956 GC heap before
{Heap before GC invocations=47 (full 0):
 garbage-first heap   total 238592K, used 212536K [0x0000000080000000, 0x0000000100000000)
  region size 1024K, 99 young (101376K), 10 survivors (10240K)
 Metaspace       used 114103K, committed 116224K, reserved 1179648K
  class space    used 15573K, committed 16640K, reserved 1048576K
}
Event: 46.976 GC heap after
{Heap after GC invocations=48 (full 0):
 garbage-first heap   total 238592K, used 128177K [0x0000000080000000, 0x0000000100000000)
  region size 1024K, 12 young (12288K), 12 survivors (12288K)
 Metaspace       used 114103K, committed 116224K, reserved 1179648K
  class space    used 15573K, committed 16640K, reserved 1048576K
}
Event: 47.734 GC heap before
{Heap before GC invocations=49 (full 0):
 garbage-first heap   total 238592K, used 211121K [0x0000000080000000, 0x0000000100000000)
  region size 1024K, 94 young (96256K), 12 survivors (12288K)
 Metaspace       used 114142K, committed 116288K, reserved 1179648K
  class space    used 15577K, committed 16640K, reserved 1048576K
}
Event: 47.749 GC heap after
{Heap after GC invocations=50 (full 0):
 garbage-first heap   total 238592K, used 129816K [0x0000000080000000, 0x0000000100000000)
  region size 1024K, 5 young (5120K), 5 survivors (5120K)
 Metaspace       used 114142K, committed 116288K, reserved 1179648K
  class space    used 15577K, committed 16640K, reserved 1048576K
}
Event: 64.912 GC heap before
{Heap before GC invocations=50 (full 0):
 garbage-first heap   total 238592K, used 224024K [0x0000000080000000, 0x0000000100000000)
  region size 1024K, 93 young (95232K), 5 survivors (5120K)
 Metaspace       used 116579K, committed 118784K, reserved 1179648K
  class space    used 15863K, committed 16960K, reserved 1048576K
}
Event: 64.927 GC heap after
{Heap after GC invocations=51 (full 0):
 garbage-first heap   total 238592K, used 131058K [0x0000000080000000, 0x0000000100000000)
  region size 1024K, 8 young (8192K), 8 survivors (8192K)
 Metaspace       used 116579K, committed 118784K, reserved 1179648K
  class space    used 15863K, committed 16960K, reserved 1048576K
}
Event: 66.342 GC heap before
{Heap before GC invocations=51 (full 0):
 garbage-first heap   total 238592K, used 215026K [0x0000000080000000, 0x0000000100000000)
  region size 1024K, 91 young (93184K), 8 survivors (8192K)
 Metaspace       used 123562K, committed 125824K, reserved 1179648K
  class space    used 16864K, committed 17984K, reserved 1048576K
}
Event: 66.362 GC heap after
{Heap after GC invocations=52 (full 0):
 garbage-first heap   total 238592K, used 138824K [0x0000000080000000, 0x0000000100000000)
  region size 1024K, 12 young (12288K), 12 survivors (12288K)
 Metaspace       used 123562K, committed 125824K, reserved 1179648K
  class space    used 16864K, committed 17984K, reserved 1048576K
}
Event: 67.324 GC heap before
{Heap before GC invocations=53 (full 0):
 garbage-first heap   total 238592K, used 211528K [0x0000000080000000, 0x0000000100000000)
  region size 1024K, 84 young (86016K), 12 survivors (12288K)
 Metaspace       used 130430K, committed 132608K, reserved 1179648K
  class space    used 17997K, committed 19072K, reserved 1048576K
}
Event: 67.343 GC heap after
{Heap after GC invocations=54 (full 0):
 garbage-first heap   total 238592K, used 143779K [0x0000000080000000, 0x0000000100000000)
  region size 1024K, 5 young (5120K), 5 survivors (5120K)
 Metaspace       used 130430K, committed 132608K, reserved 1179648K
  class space    used 17997K, committed 19072K, reserved 1048576K
}
Event: 67.914 GC heap before
{Heap before GC invocations=54 (full 0):
 garbage-first heap   total 238592K, used 218531K [0x0000000080000000, 0x0000000100000000)
  region size 1024K, 79 young (80896K), 5 survivors (5120K)
 Metaspace       used 131709K, committed 133888K, reserved 1179648K
  class space    used 18095K, committed 19200K, reserved 1048576K
}
Event: 67.925 GC heap after
{Heap after GC invocations=55 (full 0):
 garbage-first heap   total 238592K, used 143836K [0x0000000080000000, 0x0000000100000000)
  region size 1024K, 6 young (6144K), 6 survivors (6144K)
 Metaspace       used 131709K, committed 133888K, reserved 1179648K
  class space    used 18095K, committed 19200K, reserved 1048576K
}
Event: 68.305 GC heap before
{Heap before GC invocations=55 (full 0):
 garbage-first heap   total 238592K, used 218588K [0x0000000080000000, 0x0000000100000000)
  region size 1024K, 79 young (80896K), 6 survivors (6144K)
 Metaspace       used 132217K, committed 134464K, reserved 1179648K
  class space    used 18111K, committed 19200K, reserved 1048576K
}
Event: 68.313 GC heap after
{Heap after GC invocations=56 (full 0):
 garbage-first heap   total 238592K, used 144298K [0x0000000080000000, 0x0000000100000000)
  region size 1024K, 6 young (6144K), 6 survivors (6144K)
 Metaspace       used 132217K, committed 134464K, reserved 1179648K
  class space    used 18111K, committed 19200K, reserved 1048576K
}
Event: 68.855 GC heap before
{Heap before GC invocations=57 (full 0):
 garbage-first heap   total 240640K, used 219050K [0x0000000080000000, 0x0000000100000000)
  region size 1024K, 79 young (80896K), 6 survivors (6144K)
 Metaspace       used 132312K, committed 134528K, reserved 1179648K
  class space    used 18111K, committed 19200K, reserved 1048576K
}
Event: 68.864 GC heap after
{Heap after GC invocations=58 (full 0):
 garbage-first heap   total 240640K, used 144776K [0x0000000080000000, 0x0000000100000000)
  region size 1024K, 4 young (4096K), 4 survivors (4096K)
 Metaspace       used 132312K, committed 134528K, reserved 1179648K
  class space    used 18111K, committed 19200K, reserved 1048576K
}
Event: 69.177 GC heap before
{Heap before GC invocations=58 (full 0):
 garbage-first heap   total 240640K, used 222600K [0x0000000080000000, 0x0000000100000000)
  region size 1024K, 80 young (81920K), 4 survivors (4096K)
 Metaspace       used 132343K, committed 134528K, reserved 1179648K
  class space    used 18111K, committed 19200K, reserved 1048576K
}
Event: 69.188 GC heap after
{Heap after GC invocations=59 (full 0):
 garbage-first heap   total 316416K, used 144650K [0x0000000080000000, 0x0000000100000000)
  region size 1024K, 5 young (5120K), 5 survivors (5120K)
 Metaspace       used 132343K, committed 134528K, reserved 1179648K
  class space    used 18111K, committed 19200K, reserved 1048576K
}
Event: 70.035 GC heap before
{Heap before GC invocations=59 (full 0):
 garbage-first heap   total 316416K, used 293130K [0x0000000080000000, 0x0000000100000000)
  region size 1024K, 151 young (154624K), 5 survivors (5120K)
 Metaspace       used 134221K, committed 136448K, reserved 1179648K
  class space    used 18425K, committed 19584K, reserved 1048576K
}
Event: 70.045 GC heap after
{Heap after GC invocations=60 (full 0):
 garbage-first heap   total 316416K, used 147837K [0x0000000080000000, 0x0000000100000000)
  region size 1024K, 8 young (8192K), 8 survivors (8192K)
 Metaspace       used 134221K, committed 136448K, reserved 1179648K
  class space    used 18425K, committed 19584K, reserved 1048576K
}

