# JRE version: OpenJDK Runtime Environment (21.0.5) (build 21.0.5+-12932927-b750.29)
# Java VM: OpenJDK 64-Bit Server VM (21.0.5+-12932927-b750.29, mixed mode, tiered, compressed oops, compressed class ptrs, g1 gc, windows-amd64)
GC Precious Log:
 CardTable entry size: 512
 Card Set container configuration: InlinePtr #cards 5 size 8 Array Of Cards #cards 12 size 40 Howl #buckets 4 coarsen threshold 1843 Howl Bitmap #cards 512 size 80 coarsen threshold 460 Card regions per heap region 1 cards per card region 2048
 CPUs: 8 total, 8 available
 Memory: 8035M
 Large Page Support: Disabled
 NUMA Support: Disabled
 Compressed Oops: Enabled (32-bit)
 Heap Region Size: 1M
 Heap Min Capacity: 8M
 Heap Initial Capacity: 126M
 Heap Max Capacity: 2G
 Pre-touch: Disabled
 Parallel Workers: 8
 Concurrent Workers: 2
 Concurrent Refinement Workers: 8
 Periodic GC: Disabled
Heap:
 garbage-first heap   total 258048K, used 180139K [0x0000000080000000, 0x0000000100000000)
  region size 1024K, 21 young (21504K), 13 survivors (13312K)
 Metaspace       used 113641K, committed 115840K, reserved 1179648K
  class space    used 15449K, committed 16576K, reserved 1048576K
GC Heap History (20 events):
Event: 16.120 GC heap before
{Heap before GC invocations=41 (full 0):
 garbage-first heap   total 173056K, used 148538K [0x0000000080000000, 0x0000000100000000)
  region size 1024K, 51 young (52224K), 6 survivors (6144K)
 Metaspace       used 105535K, committed 107520K, reserved 1179648K
  class space    used 14425K, committed 15424K, reserved 1048576K
}
Event: 16.127 GC heap after
{Heap after GC invocations=42 (full 0):
 garbage-first heap   total 173056K, used 104866K [0x0000000080000000, 0x0000000100000000)
  region size 1024K, 7 young (7168K), 7 survivors (7168K)
 Metaspace       used 105535K, committed 107520K, reserved 1179648K
  class space    used 14425K, committed 15424K, reserved 1048576K
}
Event: 16.939 GC heap before
{Heap before GC invocations=42 (full 0):
 garbage-first heap   total 173056K, used 155042K [0x0000000080000000, 0x0000000100000000)
  region size 1024K, 56 young (57344K), 7 survivors (7168K)
 Metaspace       used 109311K, committed 111424K, reserved 1179648K
  class space    used 15031K, committed 16064K, reserved 1048576K
}
Event: 16.953 GC heap after
{Heap after GC invocations=43 (full 0):
 garbage-first heap   total 173056K, used 107520K [0x0000000080000000, 0x0000000100000000)
  region size 1024K, 7 young (7168K), 7 survivors (7168K)
 Metaspace       used 109311K, committed 111424K, reserved 1179648K
  class space    used 15031K, committed 16064K, reserved 1048576K
}
Event: 17.418 GC heap before
{Heap before GC invocations=43 (full 0):
 garbage-first heap   total 173056K, used 155648K [0x0000000080000000, 0x0000000100000000)
  region size 1024K, 55 young (56320K), 7 survivors (7168K)
 Metaspace       used 109607K, committed 111744K, reserved 1179648K
  class space    used 15045K, committed 16128K, reserved 1048576K
}
Event: 17.432 GC heap after
{Heap after GC invocations=44 (full 0):
 garbage-first heap   total 173056K, used 112466K [0x0000000080000000, 0x0000000100000000)
  region size 1024K, 6 young (6144K), 6 survivors (6144K)
 Metaspace       used 109607K, committed 111744K, reserved 1179648K
  class space    used 15045K, committed 16128K, reserved 1048576K
}
Event: 17.759 GC heap before
{Heap before GC invocations=45 (full 0):
 garbage-first heap   total 189440K, used 155474K [0x0000000080000000, 0x0000000100000000)
  region size 1024K, 48 young (49152K), 6 survivors (6144K)
 Metaspace       used 109613K, committed 111744K, reserved 1179648K
  class space    used 15046K, committed 16128K, reserved 1048576K
}
Event: 17.766 GC heap after
{Heap after GC invocations=46 (full 0):
 garbage-first heap   total 189440K, used 113894K [0x0000000080000000, 0x0000000100000000)
  region size 1024K, 4 young (4096K), 4 survivors (4096K)
 Metaspace       used 109613K, committed 111744K, reserved 1179648K
  class space    used 15046K, committed 16128K, reserved 1048576K
}
Event: 18.065 GC heap before
{Heap before GC invocations=46 (full 0):
 garbage-first heap   total 189440K, used 171238K [0x0000000080000000, 0x0000000100000000)
  region size 1024K, 61 young (62464K), 4 survivors (4096K)
 Metaspace       used 109632K, committed 111744K, reserved 1179648K
  class space    used 15046K, committed 16128K, reserved 1048576K
}
Event: 18.072 GC heap after
{Heap after GC invocations=47 (full 0):
 garbage-first heap   total 189440K, used 113364K [0x0000000080000000, 0x0000000100000000)
  region size 1024K, 5 young (5120K), 5 survivors (5120K)
 Metaspace       used 109632K, committed 111744K, reserved 1179648K
  class space    used 15046K, committed 16128K, reserved 1048576K
}
Event: 18.553 GC heap before
{Heap before GC invocations=47 (full 0):
 garbage-first heap   total 189440K, used 172756K [0x0000000080000000, 0x0000000100000000)
  region size 1024K, 64 young (65536K), 5 survivors (5120K)
 Metaspace       used 109943K, committed 112128K, reserved 1179648K
  class space    used 15083K, committed 16192K, reserved 1048576K
}
Event: 18.561 GC heap after
{Heap after GC invocations=48 (full 0):
 garbage-first heap   total 238592K, used 116209K [0x0000000080000000, 0x0000000100000000)
  region size 1024K, 7 young (7168K), 7 survivors (7168K)
 Metaspace       used 109943K, committed 112128K, reserved 1179648K
  class space    used 15083K, committed 16192K, reserved 1048576K
}
Event: 19.206 GC heap before
{Heap before GC invocations=49 (full 0):
 garbage-first heap   total 238592K, used 216561K [0x0000000080000000, 0x0000000100000000)
  region size 1024K, 106 young (108544K), 7 survivors (7168K)
 Metaspace       used 110040K, committed 112192K, reserved 1179648K
  class space    used 15097K, committed 16192K, reserved 1048576K
}
Event: 19.215 GC heap after
{Heap after GC invocations=50 (full 0):
 garbage-first heap   total 238592K, used 118564K [0x0000000080000000, 0x0000000100000000)
  region size 1024K, 10 young (10240K), 10 survivors (10240K)
 Metaspace       used 110040K, committed 112192K, reserved 1179648K
  class space    used 15097K, committed 16192K, reserved 1048576K
}
Event: 19.983 GC heap before
{Heap before GC invocations=50 (full 0):
 garbage-first heap   total 238592K, used 217892K [0x0000000080000000, 0x0000000100000000)
  region size 1024K, 103 young (105472K), 10 survivors (10240K)
 Metaspace       used 112012K, committed 114240K, reserved 1179648K
  class space    used 15242K, committed 16384K, reserved 1048576K
}
Event: 20.004 GC heap after
{Heap after GC invocations=51 (full 0):
 garbage-first heap   total 238592K, used 122794K [0x0000000080000000, 0x0000000100000000)
  region size 1024K, 11 young (11264K), 11 survivors (11264K)
 Metaspace       used 112012K, committed 114240K, reserved 1179648K
  class space    used 15242K, committed 16384K, reserved 1048576K
}
Event: 20.650 GC heap before
{Heap before GC invocations=51 (full 0):
 garbage-first heap   total 238592K, used 212906K [0x0000000080000000, 0x0000000100000000)
  region size 1024K, 100 young (102400K), 11 survivors (11264K)
 Metaspace       used 112548K, committed 114688K, reserved 1179648K
  class space    used 15306K, committed 16384K, reserved 1048576K
}
Event: 20.666 GC heap after
{Heap after GC invocations=52 (full 0):
 garbage-first heap   total 238592K, used 125952K [0x0000000080000000, 0x0000000100000000)
  region size 1024K, 6 young (6144K), 6 survivors (6144K)
 Metaspace       used 112548K, committed 114688K, reserved 1179648K
  class space    used 15306K, committed 16384K, reserved 1048576K
}
Event: 21.974 GC heap before
{Heap before GC invocations=53 (full 0):
 garbage-first heap   total 241664K, used 240640K [0x0000000080000000, 0x0000000100000000)
  region size 1024K, 91 young (93184K), 6 survivors (6144K)
 Metaspace       used 113006K, committed 115200K, reserved 1179648K
  class space    used 15367K, committed 16448K, reserved 1048576K
}
Event: 21.989 GC heap after
{Heap after GC invocations=54 (full 0):
 garbage-first heap   total 258048K, used 164779K [0x0000000080000000, 0x0000000100000000)
  region size 1024K, 13 young (13312K), 13 survivors (13312K)
 Metaspace       used 113006K, committed 115200K, reserved 1179648K
  class space    used 15367K, committed 16448K, reserved 1048576K
}

