# JRE version: OpenJDK Runtime Environment (21.0.5) (build 21.0.5+-12932927-b750.29)
# Java VM: OpenJDK 64-Bit Server VM (21.0.5+-12932927-b750.29, mixed mode, tiered, compressed oops, compressed class ptrs, g1 gc, windows-amd64)
GC Precious Log:
 CardTable entry size: 512
 Card Set container configuration: InlinePtr #cards 5 size 8 Array Of Cards #cards 12 size 40 Howl #buckets 4 coarsen threshold 1843 Howl Bitmap #cards 512 size 80 coarsen threshold 460 Card regions per heap region 1 cards per card region 2048
 CPUs: 8 total, 8 available
 Memory: 8035M
 Large Page Support: Disabled
 NUMA Support: Disabled
 Compressed Oops: Enabled (32-bit)
 Heap Region Size: 1M
 Heap Min Capacity: 8M
 Heap Initial Capacity: 126M
 Heap Max Capacity: 2G
 Pre-touch: Disabled
 Parallel Workers: 8
 Concurrent Workers: 2
 Concurrent Refinement Workers: 8
 Periodic GC: Disabled
Heap:
 garbage-first heap   total 402432K, used 397466K [0x0000000080000000, 0x0000000100000000)
  region size 1024K, 87 young (89088K), 3 survivors (3072K)
 Metaspace       used 126073K, committed 128256K, reserved 1179648K
  class space    used 16695K, committed 17792K, reserved 1048576K
GC Heap History (20 events):
Event: 28.864 GC heap after
{Heap after GC invocations=49 (full 0):
 garbage-first heap   total 245760K, used 153422K [0x0000000080000000, 0x0000000100000000)
  region size 1024K, 10 young (10240K), 10 survivors (10240K)
 Metaspace       used 114011K, committed 116160K, reserved 1179648K
  class space    used 15468K, committed 16512K, reserved 1048576K
}
Event: 29.375 GC heap before
{Heap before GC invocations=49 (full 0):
 garbage-first heap   total 245760K, used 163662K [0x0000000080000000, 0x0000000100000000)
  region size 1024K, 21 young (21504K), 10 survivors (10240K)
 Metaspace       used 114233K, committed 116416K, reserved 1179648K
  class space    used 15484K, committed 16576K, reserved 1048576K
}
Event: 29.390 GC heap after
{Heap after GC invocations=50 (full 0):
 garbage-first heap   total 245760K, used 157696K [0x0000000080000000, 0x0000000100000000)
  region size 1024K, 3 young (3072K), 3 survivors (3072K)
 Metaspace       used 114233K, committed 116416K, reserved 1179648K
  class space    used 15484K, committed 16576K, reserved 1048576K
}
Event: 31.606 GC heap before
{Heap before GC invocations=51 (full 0):
 garbage-first heap   total 275456K, used 219136K [0x0000000080000000, 0x0000000100000000)
  region size 1024K, 56 young (57344K), 3 survivors (3072K)
 Metaspace       used 114472K, committed 116608K, reserved 1179648K
  class space    used 15504K, committed 16576K, reserved 1048576K
}
Event: 31.626 GC heap after
{Heap after GC invocations=52 (full 0):
 garbage-first heap   total 275456K, used 166544K [0x0000000080000000, 0x0000000100000000)
  region size 1024K, 7 young (7168K), 7 survivors (7168K)
 Metaspace       used 114472K, committed 116608K, reserved 1179648K
  class space    used 15504K, committed 16576K, reserved 1048576K
}
Event: 32.401 GC heap before
{Heap before GC invocations=52 (full 0):
 garbage-first heap   total 275456K, used 262800K [0x0000000080000000, 0x0000000100000000)
  region size 1024K, 75 young (76800K), 7 survivors (7168K)
 Metaspace       used 115490K, committed 117696K, reserved 1179648K
  class space    used 15608K, committed 16704K, reserved 1048576K
}
Event: 32.434 GC heap after
{Heap after GC invocations=53 (full 0):
 garbage-first heap   total 289792K, used 180946K [0x0000000080000000, 0x0000000100000000)
  region size 1024K, 10 young (10240K), 10 survivors (10240K)
 Metaspace       used 115490K, committed 117696K, reserved 1179648K
  class space    used 15608K, committed 16704K, reserved 1048576K
}
Event: 33.340 GC heap before
{Heap before GC invocations=53 (full 0):
 garbage-first heap   total 289792K, used 247506K [0x0000000080000000, 0x0000000100000000)
  region size 1024K, 76 young (77824K), 10 survivors (10240K)
 Metaspace       used 118951K, committed 121152K, reserved 1179648K
  class space    used 15911K, committed 17024K, reserved 1048576K
}
Event: 33.354 GC heap after
{Heap after GC invocations=54 (full 0):
 garbage-first heap   total 289792K, used 187779K [0x0000000080000000, 0x0000000100000000)
  region size 1024K, 6 young (6144K), 6 survivors (6144K)
 Metaspace       used 118951K, committed 121152K, reserved 1179648K
  class space    used 15911K, committed 17024K, reserved 1048576K
}
Event: 34.012 GC heap before
{Heap before GC invocations=55 (full 0):
 garbage-first heap   total 312320K, used 253315K [0x0000000080000000, 0x0000000100000000)
  region size 1024K, 72 young (73728K), 6 survivors (6144K)
 Metaspace       used 119418K, committed 121536K, reserved 1179648K
  class space    used 15943K, committed 17024K, reserved 1048576K
}
Event: 34.024 GC heap after
{Heap after GC invocations=56 (full 0):
 garbage-first heap   total 312320K, used 190449K [0x0000000080000000, 0x0000000100000000)
  region size 1024K, 5 young (5120K), 5 survivors (5120K)
 Metaspace       used 119418K, committed 121536K, reserved 1179648K
  class space    used 15943K, committed 17024K, reserved 1048576K
}
Event: 34.675 GC heap before
{Heap before GC invocations=56 (full 0):
 garbage-first heap   total 312320K, used 275441K [0x0000000080000000, 0x0000000100000000)
  region size 1024K, 89 young (91136K), 5 survivors (5120K)
 Metaspace       used 120724K, committed 122880K, reserved 1179648K
  class space    used 16065K, committed 17152K, reserved 1048576K
}
Event: 34.696 GC heap after
{Heap after GC invocations=57 (full 0):
 garbage-first heap   total 380928K, used 174095K [0x0000000080000000, 0x0000000100000000)
  region size 1024K, 12 young (12288K), 12 survivors (12288K)
 Metaspace       used 120724K, committed 122880K, reserved 1179648K
  class space    used 16065K, committed 17152K, reserved 1048576K
}
Event: 36.083 GC heap before
{Heap before GC invocations=57 (full 0):
 garbage-first heap   total 380928K, used 315407K [0x0000000080000000, 0x0000000100000000)
  region size 1024K, 151 young (154624K), 12 survivors (12288K)
 Metaspace       used 121130K, committed 123328K, reserved 1179648K
  class space    used 16094K, committed 17216K, reserved 1048576K
}
Event: 36.099 GC heap after
{Heap after GC invocations=58 (full 0):
 garbage-first heap   total 380928K, used 173473K [0x0000000080000000, 0x0000000100000000)
  region size 1024K, 9 young (9216K), 9 survivors (9216K)
 Metaspace       used 121130K, committed 123328K, reserved 1179648K
  class space    used 16094K, committed 17216K, reserved 1048576K
}
Event: 36.548 GC heap before
{Heap before GC invocations=58 (full 0):
 garbage-first heap   total 380928K, used 217505K [0x0000000080000000, 0x0000000100000000)
  region size 1024K, 54 young (55296K), 9 survivors (9216K)
 Metaspace       used 121138K, committed 123328K, reserved 1179648K
  class space    used 16094K, committed 17216K, reserved 1048576K
}
Event: 36.560 GC heap after
{Heap after GC invocations=59 (full 0):
 garbage-first heap   total 380928K, used 174247K [0x0000000080000000, 0x0000000100000000)
  region size 1024K, 9 young (9216K), 9 survivors (9216K)
 Metaspace       used 121138K, committed 123328K, reserved 1179648K
  class space    used 16094K, committed 17216K, reserved 1048576K
}
Event: 38.526 GC heap before
{Heap before GC invocations=60 (full 0):
 garbage-first heap   total 380928K, used 369831K [0x0000000080000000, 0x0000000100000000)
  region size 1024K, 179 young (183296K), 9 survivors (9216K)
 Metaspace       used 123790K, committed 125952K, reserved 1179648K
  class space    used 16400K, committed 17536K, reserved 1048576K
}
Event: 38.551 GC heap after
{Heap after GC invocations=61 (full 0):
 garbage-first heap   total 398336K, used 213146K [0x0000000080000000, 0x0000000100000000)
  region size 1024K, 23 young (23552K), 23 survivors (23552K)
 Metaspace       used 123790K, committed 125952K, reserved 1179648K
  class space    used 16400K, committed 17536K, reserved 1048576K
}
Event: 39.431 GC heap before
{Heap before GC invocations=61 (full 0):
 garbage-first heap   total 398336K, used 396442K [0x0000000080000000, 0x0000000100000000)
  region size 1024K, 107 young (109568K), 23 survivors (23552K)
 Metaspace       used 126073K, committed 128256K, reserved 1179648K
  class space    used 16695K, committed 17792K, reserved 1048576K
}

