# JRE version: OpenJDK Runtime Environment (21.0.5) (build 21.0.5+-12932927-b750.29)
# Java VM: OpenJDK 64-Bit Server VM (21.0.5+-12932927-b750.29, mixed mode, tiered, compressed oops, compressed class ptrs, g1 gc, windows-amd64)
GC Precious Log:
 CardTable entry size: 512
 Card Set container configuration: InlinePtr #cards 5 size 8 Array Of Cards #cards 12 size 40 Howl #buckets 4 coarsen threshold 1843 Howl Bitmap #cards 512 size 80 coarsen threshold 460 Card regions per heap region 1 cards per card region 2048
 CPUs: 8 total, 8 available
 Memory: 8035M
 Large Page Support: Disabled
 NUMA Support: Disabled
 Compressed Oops: Enabled (32-bit)
 Heap Region Size: 1M
 Heap Min Capacity: 8M
 Heap Initial Capacity: 126M
 Heap Max Capacity: 2G
 Pre-touch: Disabled
 Parallel Workers: 8
 Concurrent Workers: 2
 Concurrent Refinement Workers: 8
 Periodic GC: Disabled
Heap:
 garbage-first heap   total 303104K, used 267504K [0x0000000080000000, 0x0000000100000000)
  region size 1024K, 25 young (25600K), 10 survivors (10240K)
 Metaspace       used 123363K, committed 125504K, reserved 1179648K
  class space    used 16589K, committed 17664K, reserved 1048576K
GC Heap History (20 events):
Event: 20.328 GC heap before
{Heap before GC invocations=41 (full 0):
 garbage-first heap   total 191488K, used 116526K [0x0000000080000000, 0x0000000100000000)
  region size 1024K, 10 young (10240K), 7 survivors (7168K)
 Metaspace       used 111102K, committed 113216K, reserved 1179648K
  class space    used 15184K, committed 16256K, reserved 1048576K
}
Event: 20.336 GC heap after
{Heap after GC invocations=42 (full 0):
 garbage-first heap   total 191488K, used 115328K [0x0000000080000000, 0x0000000100000000)
  region size 1024K, 1 young (1024K), 1 survivors (1024K)
 Metaspace       used 111102K, committed 113216K, reserved 1179648K
  class space    used 15184K, committed 16256K, reserved 1048576K
}
Event: 21.331 GC heap before
{Heap before GC invocations=43 (full 0):
 garbage-first heap   total 198656K, used 178816K [0x0000000080000000, 0x0000000100000000)
  region size 1024K, 61 young (62464K), 1 survivors (1024K)
 Metaspace       used 113668K, committed 115776K, reserved 1179648K
  class space    used 15494K, committed 16576K, reserved 1048576K
}
Event: 21.352 GC heap after
{Heap after GC invocations=44 (full 0):
 garbage-first heap   total 206848K, used 140767K [0x0000000080000000, 0x0000000100000000)
  region size 1024K, 8 young (8192K), 8 survivors (8192K)
 Metaspace       used 113668K, committed 115776K, reserved 1179648K
  class space    used 15494K, committed 16576K, reserved 1048576K
}
Event: 22.322 GC heap before
{Heap before GC invocations=44 (full 0):
 garbage-first heap   total 206848K, used 205279K [0x0000000080000000, 0x0000000100000000)
  region size 1024K, 45 young (46080K), 8 survivors (8192K)
 Metaspace       used 115441K, committed 117632K, reserved 1179648K
  class space    used 15671K, committed 16768K, reserved 1048576K
}
Event: 22.343 GC heap after
{Heap after GC invocations=45 (full 0):
 garbage-first heap   total 221184K, used 143950K [0x0000000080000000, 0x0000000100000000)
  region size 1024K, 5 young (5120K), 5 survivors (5120K)
 Metaspace       used 115441K, committed 117632K, reserved 1179648K
  class space    used 15671K, committed 16768K, reserved 1048576K
}
Event: 22.598 GC heap before
{Heap before GC invocations=45 (full 0):
 garbage-first heap   total 221184K, used 177742K [0x0000000080000000, 0x0000000100000000)
  region size 1024K, 40 young (40960K), 5 survivors (5120K)
 Metaspace       used 116544K, committed 118720K, reserved 1179648K
  class space    used 15786K, committed 16896K, reserved 1048576K
}
Event: 22.609 GC heap after
{Heap after GC invocations=46 (full 0):
 garbage-first heap   total 266240K, used 148635K [0x0000000080000000, 0x0000000100000000)
  region size 1024K, 5 young (5120K), 5 survivors (5120K)
 Metaspace       used 116544K, committed 118720K, reserved 1179648K
  class space    used 15786K, committed 16896K, reserved 1048576K
}
Event: 24.249 GC heap before
{Heap before GC invocations=46 (full 0):
 garbage-first heap   total 266240K, used 231579K [0x0000000080000000, 0x0000000100000000)
  region size 1024K, 86 young (88064K), 5 survivors (5120K)
 Metaspace       used 118618K, committed 120768K, reserved 1179648K
  class space    used 16003K, committed 17088K, reserved 1048576K
}
Event: 24.260 GC heap after
{Heap after GC invocations=47 (full 0):
 garbage-first heap   total 266240K, used 151458K [0x0000000080000000, 0x0000000100000000)
  region size 1024K, 7 young (7168K), 7 survivors (7168K)
 Metaspace       used 118618K, committed 120768K, reserved 1179648K
  class space    used 16003K, committed 17088K, reserved 1048576K
}
Event: 24.847 GC heap before
{Heap before GC invocations=47 (full 0):
 garbage-first heap   total 266240K, used 235426K [0x0000000080000000, 0x0000000100000000)
  region size 1024K, 90 young (92160K), 7 survivors (7168K)
 Metaspace       used 118710K, committed 120832K, reserved 1179648K
  class space    used 16013K, committed 17088K, reserved 1048576K
}
Event: 24.862 GC heap after
{Heap after GC invocations=48 (full 0):
 garbage-first heap   total 266240K, used 153977K [0x0000000080000000, 0x0000000100000000)
  region size 1024K, 9 young (9216K), 9 survivors (9216K)
 Metaspace       used 118710K, committed 120832K, reserved 1179648K
  class space    used 16013K, committed 17088K, reserved 1048576K
}
Event: 25.574 GC heap before
{Heap before GC invocations=49 (full 0):
 garbage-first heap   total 266240K, used 220537K [0x0000000080000000, 0x0000000100000000)
  region size 1024K, 93 young (95232K), 9 survivors (9216K)
 Metaspace       used 118894K, committed 121088K, reserved 1179648K
  class space    used 16039K, committed 17152K, reserved 1048576K
}
Event: 25.587 GC heap after
{Heap after GC invocations=50 (full 0):
 garbage-first heap   total 266240K, used 137767K [0x0000000080000000, 0x0000000100000000)
  region size 1024K, 8 young (8192K), 8 survivors (8192K)
 Metaspace       used 118894K, committed 121088K, reserved 1179648K
  class space    used 16039K, committed 17152K, reserved 1048576K
}
Event: 26.174 GC heap before
{Heap before GC invocations=50 (full 0):
 garbage-first heap   total 266240K, used 263719K [0x0000000080000000, 0x0000000100000000)
  region size 1024K, 95 young (97280K), 8 survivors (8192K)
 Metaspace       used 119227K, committed 121344K, reserved 1179648K
  class space    used 16080K, committed 17152K, reserved 1048576K
}
Event: 26.193 GC heap after
{Heap after GC invocations=51 (full 0):
 garbage-first heap   total 286720K, used 182233K [0x0000000080000000, 0x0000000100000000)
  region size 1024K, 14 young (14336K), 14 survivors (14336K)
 Metaspace       used 119227K, committed 121344K, reserved 1179648K
  class space    used 16080K, committed 17152K, reserved 1048576K
}
Event: 26.914 GC heap before
{Heap before GC invocations=51 (full 0):
 garbage-first heap   total 286720K, used 255961K [0x0000000080000000, 0x0000000100000000)
  region size 1024K, 87 young (89088K), 14 survivors (14336K)
 Metaspace       used 122514K, committed 124736K, reserved 1179648K
  class space    used 16477K, committed 17600K, reserved 1048576K
}
Event: 26.926 GC heap after
{Heap after GC invocations=52 (full 0):
 garbage-first heap   total 286720K, used 186813K [0x0000000080000000, 0x0000000100000000)
  region size 1024K, 6 young (6144K), 6 survivors (6144K)
 Metaspace       used 122514K, committed 124736K, reserved 1179648K
  class space    used 16477K, committed 17600K, reserved 1048576K
}
Event: 27.050 GC heap before
{Heap before GC invocations=52 (full 0):
 garbage-first heap   total 286720K, used 285117K [0x0000000080000000, 0x0000000100000000)
  region size 1024K, 38 young (38912K), 6 survivors (6144K)
 Metaspace       used 123276K, committed 125376K, reserved 1179648K
  class space    used 16582K, committed 17664K, reserved 1048576K
}
Event: 27.065 GC heap after
{Heap after GC invocations=53 (full 0):
 garbage-first heap   total 303104K, used 222448K [0x0000000080000000, 0x0000000100000000)
  region size 1024K, 10 young (10240K), 10 survivors (10240K)
 Metaspace       used 123276K, committed 125376K, reserved 1179648K
  class space    used 16582K, committed 17664K, reserved 1048576K
}

