# JRE version: OpenJDK Runtime Environment (21.0.5) (build 21.0.5+-12932927-b750.29)
# Java VM: OpenJDK 64-Bit Server VM (21.0.5+-12932927-b750.29, mixed mode, tiered, compressed oops, compressed class ptrs, g1 gc, windows-amd64)
GC Precious Log:
 CardTable entry size: 512
 Card Set container configuration: InlinePtr #cards 5 size 8 Array Of Cards #cards 12 size 40 Howl #buckets 4 coarsen threshold 1843 Howl Bitmap #cards 512 size 80 coarsen threshold 460 Card regions per heap region 1 cards per card region 2048
 CPUs: 8 total, 8 available
 Memory: 8035M
 Large Page Support: Disabled
 NUMA Support: Disabled
 Compressed Oops: Enabled (32-bit)
 Heap Region Size: 1M
 Heap Min Capacity: 8M
 Heap Initial Capacity: 126M
 Heap Max Capacity: 2G
 Pre-touch: Disabled
 Parallel Workers: 8
 Concurrent Workers: 2
 Concurrent Refinement Workers: 8
 Periodic GC: Disabled
Heap:
 garbage-first heap   total 379904K, used 266034K [0x0000000080000000, 0x0000000100000000)
  region size 1024K, 66 young (67584K), 13 survivors (13312K)
 Metaspace       used 160248K, committed 162624K, reserved 1245184K
  class space    used 21320K, committed 22528K, reserved 1048576K
GC Heap History (20 events):
Event: 107.794 GC heap before
{Heap before GC invocations=74 (full 0):
 garbage-first heap   total 353280K, used 326703K [0x0000000080000000, 0x0000000100000000)
  region size 1024K, 156 young (159744K), 6 survivors (6144K)
 Metaspace       used 153678K, committed 155968K, reserved 1245184K
  class space    used 20466K, committed 21632K, reserved 1048576K
}
Event: 107.804 GC heap after
{Heap after GC invocations=75 (full 0):
 garbage-first heap   total 353280K, used 176957K [0x0000000080000000, 0x0000000100000000)
  region size 1024K, 8 young (8192K), 8 survivors (8192K)
 Metaspace       used 153678K, committed 155968K, reserved 1245184K
  class space    used 20466K, committed 21632K, reserved 1048576K
}
Event: 108.414 GC heap before
{Heap before GC invocations=76 (full 0):
 garbage-first heap   total 353280K, used 326461K [0x0000000080000000, 0x0000000100000000)
  region size 1024K, 154 young (157696K), 8 survivors (8192K)
 Metaspace       used 153729K, committed 156096K, reserved 1245184K
  class space    used 20467K, committed 21632K, reserved 1048576K
}
Event: 108.427 GC heap after
{Heap after GC invocations=77 (full 0):
 garbage-first heap   total 353280K, used 178670K [0x0000000080000000, 0x0000000100000000)
  region size 1024K, 10 young (10240K), 10 survivors (10240K)
 Metaspace       used 153729K, committed 156096K, reserved 1245184K
  class space    used 20467K, committed 21632K, reserved 1048576K
}
Event: 108.914 GC heap before
{Heap before GC invocations=77 (full 0):
 garbage-first heap   total 353280K, used 324078K [0x0000000080000000, 0x0000000100000000)
  region size 1024K, 152 young (155648K), 10 survivors (10240K)
 Metaspace       used 153817K, committed 156160K, reserved 1245184K
  class space    used 20487K, committed 21632K, reserved 1048576K
}
Event: 108.931 GC heap after
{Heap after GC invocations=78 (full 0):
 garbage-first heap   total 353280K, used 174931K [0x0000000080000000, 0x0000000100000000)
  region size 1024K, 11 young (11264K), 11 survivors (11264K)
 Metaspace       used 153817K, committed 156160K, reserved 1245184K
  class space    used 20487K, committed 21632K, reserved 1048576K
}
Event: 109.628 GC heap before
{Heap before GC invocations=78 (full 0):
 garbage-first heap   total 353280K, used 321363K [0x0000000080000000, 0x0000000100000000)
  region size 1024K, 155 young (158720K), 11 survivors (11264K)
 Metaspace       used 154456K, committed 156800K, reserved 1245184K
  class space    used 20577K, committed 21760K, reserved 1048576K
}
Event: 109.643 GC heap after
{Heap after GC invocations=79 (full 0):
 garbage-first heap   total 353280K, used 180307K [0x0000000080000000, 0x0000000100000000)
  region size 1024K, 16 young (16384K), 16 survivors (16384K)
 Metaspace       used 154456K, committed 156800K, reserved 1245184K
  class space    used 20577K, committed 21760K, reserved 1048576K
}
Event: 111.224 GC heap before
{Heap before GC invocations=80 (full 0):
 garbage-first heap   total 353280K, used 316499K [0x0000000080000000, 0x0000000100000000)
  region size 1024K, 150 young (153600K), 16 survivors (16384K)
 Metaspace       used 154624K, committed 156992K, reserved 1245184K
  class space    used 20577K, committed 21760K, reserved 1048576K
}
Event: 111.243 GC heap after
{Heap after GC invocations=81 (full 0):
 garbage-first heap   total 353280K, used 178244K [0x0000000080000000, 0x0000000100000000)
  region size 1024K, 9 young (9216K), 9 survivors (9216K)
 Metaspace       used 154624K, committed 156992K, reserved 1245184K
  class space    used 20577K, committed 21760K, reserved 1048576K
}
Event: 112.560 GC heap before
{Heap before GC invocations=81 (full 0):
 garbage-first heap   total 353280K, used 324676K [0x0000000080000000, 0x0000000100000000)
  region size 1024K, 152 young (155648K), 9 survivors (9216K)
 Metaspace       used 156935K, committed 159296K, reserved 1245184K
  class space    used 20917K, committed 22080K, reserved 1048576K
}
Event: 112.586 GC heap after
{Heap after GC invocations=82 (full 0):
 garbage-first heap   total 353280K, used 188333K [0x0000000080000000, 0x0000000100000000)
  region size 1024K, 19 young (19456K), 19 survivors (19456K)
 Metaspace       used 156935K, committed 159296K, reserved 1245184K
  class space    used 20917K, committed 22080K, reserved 1048576K
}
Event: 112.698 GC heap before
{Heap before GC invocations=82 (full 0):
 garbage-first heap   total 353280K, used 202669K [0x0000000080000000, 0x0000000100000000)
  region size 1024K, 34 young (34816K), 19 survivors (19456K)
 Metaspace       used 156959K, committed 159296K, reserved 1245184K
  class space    used 20917K, committed 22080K, reserved 1048576K
}
Event: 112.722 GC heap after
{Heap after GC invocations=83 (full 0):
 garbage-first heap   total 353280K, used 193044K [0x0000000080000000, 0x0000000100000000)
  region size 1024K, 5 young (5120K), 5 survivors (5120K)
 Metaspace       used 156959K, committed 159296K, reserved 1245184K
  class space    used 20917K, committed 22080K, reserved 1048576K
}
Event: 114.394 GC heap before
{Heap before GC invocations=84 (full 0):
 garbage-first heap   total 353280K, used 315924K [0x0000000080000000, 0x0000000100000000)
  region size 1024K, 120 young (122880K), 5 survivors (5120K)
 Metaspace       used 157006K, committed 159360K, reserved 1245184K
  class space    used 20917K, committed 22080K, reserved 1048576K
}
Event: 114.420 GC heap after
{Heap after GC invocations=85 (full 0):
 garbage-first heap   total 353280K, used 215787K [0x0000000080000000, 0x0000000100000000)
  region size 1024K, 15 young (15360K), 15 survivors (15360K)
 Metaspace       used 157006K, committed 159360K, reserved 1245184K
  class space    used 20917K, committed 22080K, reserved 1048576K
}
Event: 116.390 GC heap before
{Heap before GC invocations=85 (full 0):
 garbage-first heap   total 365568K, used 364267K [0x0000000080000000, 0x0000000100000000)
  region size 1024K, 51 young (52224K), 15 survivors (15360K)
 Metaspace       used 158621K, committed 160960K, reserved 1245184K
  class space    used 21155K, committed 22336K, reserved 1048576K
}
Event: 116.414 GC heap after
{Heap after GC invocations=86 (full 0):
 garbage-first heap   total 379904K, used 205154K [0x0000000080000000, 0x0000000100000000)
  region size 1024K, 3 young (3072K), 3 survivors (3072K)
 Metaspace       used 158621K, committed 160960K, reserved 1245184K
  class space    used 21155K, committed 22336K, reserved 1048576K
}
Event: 136.071 GC heap before
{Heap before GC invocations=86 (full 0):
 garbage-first heap   total 379904K, used 330082K [0x0000000080000000, 0x0000000100000000)
  region size 1024K, 126 young (129024K), 3 survivors (3072K)
 Metaspace       used 160065K, committed 162496K, reserved 1245184K
  class space    used 21318K, committed 22528K, reserved 1048576K
}
Event: 136.085 GC heap after
{Heap after GC invocations=87 (full 0):
 garbage-first heap   total 379904K, used 215858K [0x0000000080000000, 0x0000000100000000)
  region size 1024K, 13 young (13312K), 13 survivors (13312K)
 Metaspace       used 160065K, committed 162496K, reserved 1245184K
  class space    used 21318K, committed 22528K, reserved 1048576K
}

