# JRE version: OpenJDK Runtime Environment (21.0.5) (build 21.0.5+-12932927-b750.29)
# Java VM: OpenJDK 64-Bit Server VM (21.0.5+-12932927-b750.29, mixed mode, tiered, compressed oops, compressed class ptrs, g1 gc, windows-amd64)
GC Precious Log:
 CardTable entry size: 512
 Card Set container configuration: InlinePtr #cards 5 size 8 Array Of Cards #cards 12 size 40 Howl #buckets 4 coarsen threshold 1843 Howl Bitmap #cards 512 size 80 coarsen threshold 460 Card regions per heap region 1 cards per card region 2048
 CPUs: 8 total, 8 available
 Memory: 8035M
 Large Page Support: Disabled
 NUMA Support: Disabled
 Compressed Oops: Enabled (32-bit)
 Heap Region Size: 1M
 Heap Min Capacity: 8M
 Heap Initial Capacity: 126M
 Heap Max Capacity: 2G
 Pre-touch: Disabled
 Parallel Workers: 8
 Concurrent Workers: 2
 Concurrent Refinement Workers: 8
 Periodic GC: Disabled
Heap:
 garbage-first heap   total 101376K, used 67608K [0x0000000080000000, 0x0000000100000000)
  region size 1024K, 36 young (36864K), 6 survivors (6144K)
 Metaspace       used 62753K, committed 64320K, reserved 1114112K
  class space    used 8587K, committed 9344K, reserved 1048576K
GC Heap History (20 events):
Event: 1.166 GC heap before
{Heap before GC invocations=1 (full 0):
 garbage-first heap   total 129024K, used 39509K [0x0000000080000000, 0x0000000100000000)
  region size 1024K, 36 young (36864K), 3 survivors (3072K)
 Metaspace       used 12128K, committed 12352K, reserved 1114112K
  class space    used 1273K, committed 1408K, reserved 1048576K
}
Event: 1.171 GC heap after
{Heap after GC invocations=2 (full 0):
 garbage-first heap   total 129024K, used 11017K [0x0000000080000000, 0x0000000100000000)
  region size 1024K, 5 young (5120K), 5 survivors (5120K)
 Metaspace       used 12128K, committed 12352K, reserved 1114112K
  class space    used 1273K, committed 1408K, reserved 1048576K
}
Event: 1.917 GC heap before
{Heap before GC invocations=2 (full 0):
 garbage-first heap   total 129024K, used 58121K [0x0000000080000000, 0x0000000100000000)
  region size 1024K, 50 young (51200K), 5 survivors (5120K)
 Metaspace       used 12943K, committed 13184K, reserved 1114112K
  class space    used 1419K, committed 1536K, reserved 1048576K
}
Event: 1.923 GC heap after
{Heap after GC invocations=3 (full 0):
 garbage-first heap   total 129024K, used 16763K [0x0000000080000000, 0x0000000100000000)
  region size 1024K, 5 young (5120K), 5 survivors (5120K)
 Metaspace       used 12943K, committed 13184K, reserved 1114112K
  class space    used 1419K, committed 1536K, reserved 1048576K
}
Event: 2.488 GC heap before
{Heap before GC invocations=3 (full 0):
 garbage-first heap   total 129024K, used 43387K [0x0000000080000000, 0x0000000100000000)
  region size 1024K, 32 young (32768K), 5 survivors (5120K)
 Metaspace       used 21148K, committed 21504K, reserved 1114112K
  class space    used 2437K, committed 2624K, reserved 1048576K
}
Event: 2.492 GC heap after
{Heap after GC invocations=4 (full 0):
 garbage-first heap   total 129024K, used 20257K [0x0000000080000000, 0x0000000100000000)
  region size 1024K, 9 young (9216K), 9 survivors (9216K)
 Metaspace       used 21148K, committed 21504K, reserved 1114112K
  class space    used 2437K, committed 2624K, reserved 1048576K
}
Event: 3.317 GC heap before
{Heap before GC invocations=5 (full 0):
 garbage-first heap   total 71680K, used 70433K [0x0000000080000000, 0x0000000100000000)
  region size 1024K, 58 young (59392K), 9 survivors (9216K)
 Metaspace       used 29341K, committed 29952K, reserved 1114112K
  class space    used 3746K, committed 4032K, reserved 1048576K
}
Event: 3.327 GC heap after
{Heap after GC invocations=6 (full 0):
 garbage-first heap   total 83968K, used 23382K [0x0000000080000000, 0x0000000100000000)
  region size 1024K, 7 young (7168K), 7 survivors (7168K)
 Metaspace       used 29341K, committed 29952K, reserved 1114112K
  class space    used 3746K, committed 4032K, reserved 1048576K
}
Event: 3.881 GC heap before
{Heap before GC invocations=6 (full 0):
 garbage-first heap   total 83968K, used 66390K [0x0000000080000000, 0x0000000100000000)
  region size 1024K, 49 young (50176K), 7 survivors (7168K)
 Metaspace       used 35116K, committed 35968K, reserved 1114112K
  class space    used 4700K, committed 5120K, reserved 1048576K
}
Event: 3.887 GC heap after
{Heap after GC invocations=7 (full 0):
 garbage-first heap   total 83968K, used 25732K [0x0000000080000000, 0x0000000100000000)
  region size 1024K, 6 young (6144K), 6 survivors (6144K)
 Metaspace       used 35116K, committed 35968K, reserved 1114112K
  class space    used 4700K, committed 5120K, reserved 1048576K
}
Event: 3.898 GC heap before
{Heap before GC invocations=7 (full 0):
 garbage-first heap   total 83968K, used 26756K [0x0000000080000000, 0x0000000100000000)
  region size 1024K, 8 young (8192K), 6 survivors (6144K)
 Metaspace       used 35240K, committed 36096K, reserved 1114112K
  class space    used 4723K, committed 5184K, reserved 1048576K
}
Event: 3.903 GC heap after
{Heap after GC invocations=8 (full 0):
 garbage-first heap   total 83968K, used 26206K [0x0000000080000000, 0x0000000100000000)
  region size 1024K, 4 young (4096K), 4 survivors (4096K)
 Metaspace       used 35240K, committed 36096K, reserved 1114112K
  class space    used 4723K, committed 5184K, reserved 1048576K
}
Event: 4.412 GC heap before
{Heap before GC invocations=9 (full 0):
 garbage-first heap   total 83968K, used 70238K [0x0000000080000000, 0x0000000100000000)
  region size 1024K, 48 young (49152K), 4 survivors (4096K)
 Metaspace       used 41806K, committed 43008K, reserved 1114112K
  class space    used 5669K, committed 6272K, reserved 1048576K
}
Event: 4.418 GC heap after
{Heap after GC invocations=10 (full 0):
 garbage-first heap   total 101376K, used 29047K [0x0000000080000000, 0x0000000100000000)
  region size 1024K, 6 young (6144K), 6 survivors (6144K)
 Metaspace       used 41806K, committed 43008K, reserved 1114112K
  class space    used 5669K, committed 6272K, reserved 1048576K
}
Event: 4.873 GC heap before
{Heap before GC invocations=10 (full 0):
 garbage-first heap   total 101376K, used 82295K [0x0000000080000000, 0x0000000100000000)
  region size 1024K, 59 young (60416K), 6 survivors (6144K)
 Metaspace       used 46686K, committed 48000K, reserved 1114112K
  class space    used 6229K, committed 6912K, reserved 1048576K
}
Event: 4.883 GC heap after
{Heap after GC invocations=11 (full 0):
 garbage-first heap   total 101376K, used 32305K [0x0000000080000000, 0x0000000100000000)
  region size 1024K, 7 young (7168K), 7 survivors (7168K)
 Metaspace       used 46686K, committed 48000K, reserved 1114112K
  class space    used 6229K, committed 6912K, reserved 1048576K
}
Event: 5.527 GC heap before
{Heap before GC invocations=11 (full 0):
 garbage-first heap   total 101376K, used 86577K [0x0000000080000000, 0x0000000100000000)
  region size 1024K, 59 young (60416K), 7 survivors (7168K)
 Metaspace       used 53158K, committed 54656K, reserved 1114112K
  class space    used 7151K, committed 7872K, reserved 1048576K
}
Event: 5.535 GC heap after
{Heap after GC invocations=12 (full 0):
 garbage-first heap   total 101376K, used 35726K [0x0000000080000000, 0x0000000100000000)
  region size 1024K, 7 young (7168K), 7 survivors (7168K)
 Metaspace       used 53158K, committed 54656K, reserved 1114112K
  class space    used 7151K, committed 7872K, reserved 1048576K
}
Event: 6.081 GC heap before
{Heap before GC invocations=12 (full 0):
 garbage-first heap   total 101376K, used 76686K [0x0000000080000000, 0x0000000100000000)
  region size 1024K, 48 young (49152K), 7 survivors (7168K)
 Metaspace       used 58889K, committed 60416K, reserved 1114112K
  class space    used 7945K, committed 8704K, reserved 1048576K
}
Event: 6.088 GC heap after
{Heap after GC invocations=13 (full 0):
 garbage-first heap   total 101376K, used 37912K [0x0000000080000000, 0x0000000100000000)
  region size 1024K, 6 young (6144K), 6 survivors (6144K)
 Metaspace       used 58889K, committed 60416K, reserved 1114112K
  class space    used 7945K, committed 8704K, reserved 1048576K
}

