# JRE version: OpenJDK Runtime Environment (21.0.5) (build 21.0.5+-12932927-b750.29)
# Java VM: OpenJDK 64-Bit Server VM (21.0.5+-12932927-b750.29, mixed mode, tiered, compressed oops, compressed class ptrs, g1 gc, windows-amd64)
GC Precious Log:
 CardTable entry size: 512
 Card Set container configuration: InlinePtr #cards 5 size 8 Array Of Cards #cards 12 size 40 Howl #buckets 4 coarsen threshold 1843 Howl Bitmap #cards 512 size 80 coarsen threshold 460 Card regions per heap region 1 cards per card region 2048
 CPUs: 8 total, 8 available
 Memory: 8035M
 Large Page Support: Disabled
 NUMA Support: Disabled
 Compressed Oops: Enabled (32-bit)
 Heap Region Size: 1M
 Heap Min Capacity: 8M
 Heap Initial Capacity: 126M
 Heap Max Capacity: 2G
 Pre-touch: Disabled
 Parallel Workers: 8
 Concurrent Workers: 2
 Concurrent Refinement Workers: 8
 Periodic GC: Disabled
Heap:
 garbage-first heap   total 254976K, used 176516K [0x0000000080000000, 0x0000000100000000)
  region size 1024K, 6 young (6144K), 6 survivors (6144K)
 Metaspace       used 117356K, committed 119552K, reserved 1179648K
  class space    used 15918K, committed 17024K, reserved 1048576K
GC Heap History (20 events):
Event: 15.525 GC heap after
{Heap after GC invocations=38 (full 0):
 garbage-first heap   total 167936K, used 105031K [0x0000000080000000, 0x0000000100000000)
  region size 1024K, 7 young (7168K), 7 survivors (7168K)
 Metaspace       used 108309K, committed 110400K, reserved 1179648K
  class space    used 14880K, committed 15936K, reserved 1048576K
}
Event: 16.131 GC heap before
{Heap before GC invocations=38 (full 0):
 garbage-first heap   total 167936K, used 150087K [0x0000000080000000, 0x0000000100000000)
  region size 1024K, 51 young (52224K), 7 survivors (7168K)
 Metaspace       used 109619K, committed 111744K, reserved 1179648K
  class space    used 15048K, committed 16128K, reserved 1048576K
}
Event: 16.140 GC heap after
{Heap after GC invocations=39 (full 0):
 garbage-first heap   total 167936K, used 111071K [0x0000000080000000, 0x0000000100000000)
  region size 1024K, 7 young (7168K), 7 survivors (7168K)
 Metaspace       used 109619K, committed 111744K, reserved 1179648K
  class space    used 15048K, committed 16128K, reserved 1048576K
}
Event: 16.316 GC heap before
{Heap before GC invocations=39 (full 0):
 garbage-first heap   total 188416K, used 148959K [0x0000000080000000, 0x0000000100000000)
  region size 1024K, 44 young (45056K), 7 survivors (7168K)
 Metaspace       used 109621K, committed 111744K, reserved 1179648K
  class space    used 15048K, committed 16128K, reserved 1048576K
}
Event: 16.324 GC heap after
{Heap after GC invocations=40 (full 0):
 garbage-first heap   total 226304K, used 112332K [0x0000000080000000, 0x0000000100000000)
  region size 1024K, 4 young (4096K), 4 survivors (4096K)
 Metaspace       used 109621K, committed 111744K, reserved 1179648K
  class space    used 15048K, committed 16128K, reserved 1048576K
}
Event: 16.759 GC heap before
{Heap before GC invocations=41 (full 0):
 garbage-first heap   total 226304K, used 198348K [0x0000000080000000, 0x0000000100000000)
  region size 1024K, 89 young (91136K), 4 survivors (4096K)
 Metaspace       used 109699K, committed 111808K, reserved 1179648K
  class space    used 15059K, committed 16128K, reserved 1048576K
}
Event: 16.765 GC heap after
{Heap after GC invocations=42 (full 0):
 garbage-first heap   total 226304K, used 114125K [0x0000000080000000, 0x0000000100000000)
  region size 1024K, 6 young (6144K), 6 survivors (6144K)
 Metaspace       used 109699K, committed 111808K, reserved 1179648K
  class space    used 15059K, committed 16128K, reserved 1048576K
}
Event: 17.375 GC heap before
{Heap before GC invocations=42 (full 0):
 garbage-first heap   total 226304K, used 209357K [0x0000000080000000, 0x0000000100000000)
  region size 1024K, 95 young (97280K), 6 survivors (6144K)
 Metaspace       used 111777K, committed 113920K, reserved 1179648K
  class space    used 15247K, committed 16320K, reserved 1048576K
}
Event: 17.383 GC heap after
{Heap after GC invocations=43 (full 0):
 garbage-first heap   total 226304K, used 115460K [0x0000000080000000, 0x0000000100000000)
  region size 1024K, 9 young (9216K), 9 survivors (9216K)
 Metaspace       used 111777K, committed 113920K, reserved 1179648K
  class space    used 15247K, committed 16320K, reserved 1048576K
}
Event: 18.163 GC heap before
{Heap before GC invocations=43 (full 0):
 garbage-first heap   total 226304K, used 202500K [0x0000000080000000, 0x0000000100000000)
  region size 1024K, 95 young (97280K), 9 survivors (9216K)
 Metaspace       used 114456K, committed 116608K, reserved 1179648K
  class space    used 15548K, committed 16640K, reserved 1048576K
}
Event: 18.173 GC heap after
{Heap after GC invocations=44 (full 0):
 garbage-first heap   total 226304K, used 119497K [0x0000000080000000, 0x0000000100000000)
  region size 1024K, 10 young (10240K), 10 survivors (10240K)
 Metaspace       used 114456K, committed 116608K, reserved 1179648K
  class space    used 15548K, committed 16640K, reserved 1048576K
}
Event: 18.553 GC heap before
{Heap before GC invocations=45 (full 0):
 garbage-first heap   total 226304K, used 202441K [0x0000000080000000, 0x0000000100000000)
  region size 1024K, 92 young (94208K), 10 survivors (10240K)
 Metaspace       used 114511K, committed 116672K, reserved 1179648K
  class space    used 15554K, committed 16640K, reserved 1048576K
}
Event: 18.561 GC heap after
{Heap after GC invocations=46 (full 0):
 garbage-first heap   total 226304K, used 121477K [0x0000000080000000, 0x0000000100000000)
  region size 1024K, 9 young (9216K), 9 survivors (9216K)
 Metaspace       used 114511K, committed 116672K, reserved 1179648K
  class space    used 15554K, committed 16640K, reserved 1048576K
}
Event: 18.970 GC heap before
{Heap before GC invocations=46 (full 0):
 garbage-first heap   total 226304K, used 203397K [0x0000000080000000, 0x0000000100000000)
  region size 1024K, 90 young (92160K), 9 survivors (9216K)
 Metaspace       used 114793K, committed 116928K, reserved 1179648K
  class space    used 15592K, committed 16640K, reserved 1048576K
}
Event: 18.981 GC heap after
{Heap after GC invocations=47 (full 0):
 garbage-first heap   total 226304K, used 123001K [0x0000000080000000, 0x0000000100000000)
  region size 1024K, 8 young (8192K), 8 survivors (8192K)
 Metaspace       used 114793K, committed 116928K, reserved 1179648K
  class space    used 15592K, committed 16640K, reserved 1048576K
}
Event: 19.003 GC heap before
{Heap before GC invocations=47 (full 0):
 garbage-first heap   total 226304K, used 125049K [0x0000000080000000, 0x0000000100000000)
  region size 1024K, 11 young (11264K), 8 survivors (8192K)
 Metaspace       used 114890K, committed 117056K, reserved 1179648K
  class space    used 15602K, committed 16704K, reserved 1048576K
}
Event: 19.009 GC heap after
{Heap after GC invocations=48 (full 0):
 garbage-first heap   total 226304K, used 123192K [0x0000000080000000, 0x0000000100000000)
  region size 1024K, 6 young (6144K), 6 survivors (6144K)
 Metaspace       used 114890K, committed 117056K, reserved 1179648K
  class space    used 15602K, committed 16704K, reserved 1048576K
}
Event: 19.341 GC heap before
{Heap before GC invocations=49 (full 0):
 garbage-first heap   total 242688K, used 234808K [0x0000000080000000, 0x0000000100000000)
  region size 1024K, 79 young (80896K), 6 survivors (6144K)
 Metaspace       used 115290K, committed 117376K, reserved 1179648K
  class space    used 15658K, committed 16704K, reserved 1048576K
}
Event: 19.349 GC heap after
{Heap after GC invocations=50 (full 0):
 garbage-first heap   total 254976K, used 173585K [0x0000000080000000, 0x0000000100000000)
  region size 1024K, 10 young (10240K), 10 survivors (10240K)
 Metaspace       used 115290K, committed 117376K, reserved 1179648K
  class space    used 15658K, committed 16704K, reserved 1048576K
}
Event: 19.675 GC heap before
{Heap before GC invocations=50 (full 0):
 garbage-first heap   total 254976K, used 227857K [0x0000000080000000, 0x0000000100000000)
  region size 1024K, 64 young (65536K), 10 survivors (10240K)
 Metaspace       used 117356K, committed 119552K, reserved 1179648K
  class space    used 15918K, committed 17024K, reserved 1048576K
}

