# JRE version: Java(TM) SE Runtime Environment (17.0.8+9) (build 17.0.8+9-LTS-211)
# Java VM: Java HotSpot(TM) 64-Bit Server VM (17.0.8+9-LTS-211, mixed mode, sharing, tiered, compressed oops, compressed class ptrs, g1 gc, windows-amd64)
GC Precious Log:
 CPUs: 8 total, 8 available
 Memory: 8035M
 Large Page Support: Disabled
 NUMA Support: Disabled
 Compressed Oops: Enabled (32-bit)
 Heap Region Size: 1M
 Heap Min Capacity: 8M
 Heap Initial Capacity: 126M
 Heap Max Capacity: 2G
 Pre-touch: Disabled
 Parallel Workers: 8
 Concurrent Workers: 2
 Concurrent Refinement Workers: 8
 Periodic GC: Disabled
Heap:
 garbage-first heap   total 135168K, used 64431K [0x0000000080000000, 0x0000000100000000)
  region size 1024K, 2 young (2048K), 2 survivors (2048K)
 Metaspace       used 71413K, committed 71936K, reserved 1114112K
  class space    used 9663K, committed 9920K, reserved 1048576K
GC Heap History (20 events):
Event: 10.164 GC heap after
{Heap after GC invocations=13 (full 0):
 garbage-first heap   total 89088K, used 33922K [0x0000000080000000, 0x0000000100000000)
  region size 1024K, 3 young (3072K), 3 survivors (3072K)
 Metaspace       used 45202K, committed 45696K, reserved 1114112K
  class space    used 6605K, committed 6848K, reserved 1048576K
}
Event: 10.645 GC heap before
{Heap before GC invocations=13 (full 0):
 garbage-first heap   total 89088K, used 68738K [0x0000000080000000, 0x0000000100000000)
  region size 1024K, 37 young (37888K), 3 survivors (3072K)
 Metaspace       used 50143K, committed 50688K, reserved 1114112K
  class space    used 7241K, committed 7488K, reserved 1048576K
}
Event: 10.648 GC heap after
{Heap after GC invocations=14 (full 0):
 garbage-first heap   total 107520K, used 34681K [0x0000000080000000, 0x0000000100000000)
  region size 1024K, 3 young (3072K), 3 survivors (3072K)
 Metaspace       used 50143K, committed 50688K, reserved 1114112K
  class space    used 7241K, committed 7488K, reserved 1048576K
}
Event: 11.167 GC heap before
{Heap before GC invocations=14 (full 0):
 garbage-first heap   total 107520K, used 97145K [0x0000000080000000, 0x0000000100000000)
  region size 1024K, 51 young (52224K), 3 survivors (3072K)
 Metaspace       used 53277K, committed 53888K, reserved 1114112K
  class space    used 7602K, committed 7872K, reserved 1048576K
}
Event: 11.180 GC heap after
{Heap after GC invocations=15 (full 0):
 garbage-first heap   total 113664K, used 52826K [0x0000000080000000, 0x0000000100000000)
  region size 1024K, 7 young (7168K), 7 survivors (7168K)
 Metaspace       used 53277K, committed 53888K, reserved 1114112K
  class space    used 7602K, committed 7872K, reserved 1048576K
}
Event: 11.767 GC heap before
{Heap before GC invocations=15 (full 0):
 garbage-first heap   total 113664K, used 85594K [0x0000000080000000, 0x0000000100000000)
  region size 1024K, 38 young (38912K), 7 survivors (7168K)
 Metaspace       used 56284K, committed 56832K, reserved 1114112K
  class space    used 7965K, committed 8192K, reserved 1048576K
}
Event: 11.777 GC heap after
{Heap after GC invocations=16 (full 0):
 garbage-first heap   total 113664K, used 50710K [0x0000000080000000, 0x0000000100000000)
  region size 1024K, 4 young (4096K), 4 survivors (4096K)
 Metaspace       used 56284K, committed 56832K, reserved 1114112K
  class space    used 7965K, committed 8192K, reserved 1048576K
}
Event: 11.934 GC heap before
{Heap before GC invocations=16 (full 0):
 garbage-first heap   total 113664K, used 59926K [0x0000000080000000, 0x0000000100000000)
  region size 1024K, 14 young (14336K), 4 survivors (4096K)
 Metaspace       used 57401K, committed 57920K, reserved 1114112K
  class space    used 8087K, committed 8320K, reserved 1048576K
}
Event: 11.939 GC heap after
{Heap after GC invocations=17 (full 0):
 garbage-first heap   total 113664K, used 51510K [0x0000000080000000, 0x0000000100000000)
  region size 1024K, 1 young (1024K), 1 survivors (1024K)
 Metaspace       used 57401K, committed 57920K, reserved 1114112K
  class space    used 8087K, committed 8320K, reserved 1048576K
}
Event: 12.480 GC heap before
{Heap before GC invocations=18 (full 0):
 garbage-first heap   total 113664K, used 92470K [0x0000000080000000, 0x0000000100000000)
  region size 1024K, 35 young (35840K), 1 survivors (1024K)
 Metaspace       used 60718K, committed 61248K, reserved 1114112K
  class space    used 8434K, committed 8704K, reserved 1048576K
}
Event: 12.483 GC heap after
{Heap after GC invocations=19 (full 0):
 garbage-first heap   total 113664K, used 60276K [0x0000000080000000, 0x0000000100000000)
  region size 1024K, 4 young (4096K), 4 survivors (4096K)
 Metaspace       used 60718K, committed 61248K, reserved 1114112K
  class space    used 8434K, committed 8704K, reserved 1048576K
}
Event: 12.493 GC heap before
{Heap before GC invocations=19 (full 0):
 garbage-first heap   total 113664K, used 60276K [0x0000000080000000, 0x0000000100000000)
  region size 1024K, 5 young (5120K), 4 survivors (4096K)
 Metaspace       used 60838K, committed 61376K, reserved 1114112K
  class space    used 8442K, committed 8704K, reserved 1048576K
}
Event: 12.496 GC heap after
{Heap after GC invocations=20 (full 0):
 garbage-first heap   total 113664K, used 60694K [0x0000000080000000, 0x0000000100000000)
  region size 1024K, 1 young (1024K), 1 survivors (1024K)
 Metaspace       used 60838K, committed 61376K, reserved 1114112K
  class space    used 8442K, committed 8704K, reserved 1048576K
}
Event: 12.888 GC heap before
{Heap before GC invocations=20 (full 0):
 garbage-first heap   total 113664K, used 90390K [0x0000000080000000, 0x0000000100000000)
  region size 1024K, 30 young (30720K), 1 survivors (1024K)
 Metaspace       used 64439K, committed 65024K, reserved 1114112K
  class space    used 8759K, committed 9024K, reserved 1048576K
}
Event: 12.891 GC heap after
{Heap after GC invocations=21 (full 0):
 garbage-first heap   total 113664K, used 61752K [0x0000000080000000, 0x0000000100000000)
  region size 1024K, 2 young (2048K), 2 survivors (2048K)
 Metaspace       used 64439K, committed 65024K, reserved 1114112K
  class space    used 8759K, committed 9024K, reserved 1048576K
}
Event: 13.404 GC heap before
{Heap before GC invocations=22 (full 0):
 garbage-first heap   total 113664K, used 91448K [0x0000000080000000, 0x0000000100000000)
  region size 1024K, 31 young (31744K), 2 survivors (2048K)
 Metaspace       used 67700K, committed 68288K, reserved 1114112K
  class space    used 9181K, committed 9472K, reserved 1048576K
}
Event: 13.408 GC heap after
{Heap after GC invocations=23 (full 0):
 garbage-first heap   total 113664K, used 63765K [0x0000000080000000, 0x0000000100000000)
  region size 1024K, 4 young (4096K), 4 survivors (4096K)
 Metaspace       used 67700K, committed 68288K, reserved 1114112K
  class space    used 9181K, committed 9472K, reserved 1048576K
}
Event: 13.422 GC heap before
{Heap before GC invocations=23 (full 0):
 garbage-first heap   total 113664K, used 63765K [0x0000000080000000, 0x0000000100000000)
  region size 1024K, 5 young (5120K), 4 survivors (4096K)
 Metaspace       used 67862K, committed 68416K, reserved 1114112K
  class space    used 9204K, committed 9472K, reserved 1048576K
}
Event: 13.426 GC heap after
{Heap after GC invocations=24 (full 0):
 garbage-first heap   total 113664K, used 63768K [0x0000000080000000, 0x0000000100000000)
  region size 1024K, 1 young (1024K), 1 survivors (1024K)
 Metaspace       used 67862K, committed 68416K, reserved 1114112K
  class space    used 9204K, committed 9472K, reserved 1048576K
}
Event: 13.824 GC heap before
{Heap before GC invocations=24 (full 0):
 garbage-first heap   total 113664K, used 87320K [0x0000000080000000, 0x0000000100000000)
  region size 1024K, 25 young (25600K), 1 survivors (1024K)
 Metaspace       used 71413K, committed 71936K, reserved 1114112K
  class space    used 9663K, committed 9920K, reserved 1048576K
}

