# JRE version: OpenJDK Runtime Environment (21.0.5) (build 21.0.5+-12932927-b750.29)
# Java VM: OpenJDK 64-Bit Server VM (21.0.5+-12932927-b750.29, mixed mode, tiered, compressed oops, compressed class ptrs, g1 gc, windows-amd64)
GC Precious Log:
 CardTable entry size: 512
 Card Set container configuration: InlinePtr #cards 5 size 8 Array Of Cards #cards 12 size 40 Howl #buckets 4 coarsen threshold 1843 Howl Bitmap #cards 512 size 80 coarsen threshold 460 Card regions per heap region 1 cards per card region 2048
 CPUs: 8 total, 8 available
 Memory: 8035M
 Large Page Support: Disabled
 NUMA Support: Disabled
 Compressed Oops: Enabled (32-bit)
 Heap Region Size: 1M
 Heap Min Capacity: 8M
 Heap Initial Capacity: 126M
 Heap Max Capacity: 2G
 Pre-touch: Disabled
 Parallel Workers: 8
 Concurrent Workers: 2
 Concurrent Refinement Workers: 8
 Periodic GC: Disabled
Heap:
 garbage-first heap   total 227328K, used 142335K [0x0000000080000000, 0x0000000100000000)
  region size 1024K, 14 young (14336K), 11 survivors (11264K)
 Metaspace       used 119744K, committed 121856K, reserved 1179648K
  class space    used 16564K, committed 17664K, reserved 1048576K
GC Heap History (20 events):
Event: 27.106 GC heap before
{Heap before GC invocations=39 (full 0):
 garbage-first heap   total 178176K, used 159666K [0x0000000080000000, 0x0000000100000000)
  region size 1024K, 58 young (59392K), 8 survivors (8192K)
 Metaspace       used 109502K, committed 111552K, reserved 1179648K
  class space    used 15036K, committed 16064K, reserved 1048576K
}
Event: 27.123 GC heap after
{Heap after GC invocations=40 (full 0):
 garbage-first heap   total 178176K, used 112282K [0x0000000080000000, 0x0000000100000000)
  region size 1024K, 6 young (6144K), 6 survivors (6144K)
 Metaspace       used 109502K, committed 111552K, reserved 1179648K
  class space    used 15036K, committed 16064K, reserved 1048576K
}
Event: 27.461 GC heap before
{Heap before GC invocations=40 (full 0):
 garbage-first heap   total 178176K, used 159386K [0x0000000080000000, 0x0000000100000000)
  region size 1024K, 53 young (54272K), 6 survivors (6144K)
 Metaspace       used 109519K, committed 111552K, reserved 1179648K
  class space    used 15037K, committed 16064K, reserved 1048576K
}
Event: 27.468 GC heap after
{Heap after GC invocations=41 (full 0):
 garbage-first heap   total 178176K, used 113481K [0x0000000080000000, 0x0000000100000000)
  region size 1024K, 4 young (4096K), 4 survivors (4096K)
 Metaspace       used 109519K, committed 111552K, reserved 1179648K
  class space    used 15037K, committed 16064K, reserved 1048576K
}
Event: 27.995 GC heap before
{Heap before GC invocations=42 (full 0):
 garbage-first heap   total 189440K, used 162633K [0x0000000080000000, 0x0000000100000000)
  region size 1024K, 53 young (54272K), 4 survivors (4096K)
 Metaspace       used 109539K, committed 111616K, reserved 1179648K
  class space    used 15037K, committed 16064K, reserved 1048576K
}
Event: 28.000 GC heap after
{Heap after GC invocations=43 (full 0):
 garbage-first heap   total 189440K, used 114261K [0x0000000080000000, 0x0000000100000000)
  region size 1024K, 5 young (5120K), 5 survivors (5120K)
 Metaspace       used 109539K, committed 111616K, reserved 1179648K
  class space    used 15037K, committed 16064K, reserved 1048576K
}
Event: 28.602 GC heap before
{Heap before GC invocations=43 (full 0):
 garbage-first heap   total 189440K, used 172629K [0x0000000080000000, 0x0000000100000000)
  region size 1024K, 63 young (64512K), 5 survivors (5120K)
 Metaspace       used 109828K, committed 111936K, reserved 1179648K
  class space    used 15074K, committed 16128K, reserved 1048576K
}
Event: 28.611 GC heap after
{Heap after GC invocations=44 (full 0):
 garbage-first heap   total 189440K, used 114767K [0x0000000080000000, 0x0000000100000000)
  region size 1024K, 7 young (7168K), 7 survivors (7168K)
 Metaspace       used 109828K, committed 111936K, reserved 1179648K
  class space    used 15074K, committed 16128K, reserved 1048576K
}
Event: 29.009 GC heap before
{Heap before GC invocations=44 (full 0):
 garbage-first heap   total 189440K, used 171087K [0x0000000080000000, 0x0000000100000000)
  region size 1024K, 62 young (63488K), 7 survivors (7168K)
 Metaspace       used 109918K, committed 112064K, reserved 1179648K
  class space    used 15086K, committed 16192K, reserved 1048576K
}
Event: 29.018 GC heap after
{Heap after GC invocations=45 (full 0):
 garbage-first heap   total 227328K, used 116753K [0x0000000080000000, 0x0000000100000000)
  region size 1024K, 5 young (5120K), 5 survivors (5120K)
 Metaspace       used 109918K, committed 112064K, reserved 1179648K
  class space    used 15086K, committed 16192K, reserved 1048576K
}
Event: 30.401 GC heap before
{Heap before GC invocations=46 (full 0):
 garbage-first heap   total 227328K, used 205841K [0x0000000080000000, 0x0000000100000000)
  region size 1024K, 93 young (95232K), 5 survivors (5120K)
 Metaspace       used 110489K, committed 112576K, reserved 1179648K
  class space    used 15119K, committed 16192K, reserved 1048576K
}
Event: 30.412 GC heap after
{Heap after GC invocations=47 (full 0):
 garbage-first heap   total 227328K, used 120267K [0x0000000080000000, 0x0000000100000000)
  region size 1024K, 8 young (8192K), 8 survivors (8192K)
 Metaspace       used 110489K, committed 112576K, reserved 1179648K
  class space    used 15119K, committed 16192K, reserved 1048576K
}
Event: 30.979 GC heap before
{Heap before GC invocations=47 (full 0):
 garbage-first heap   total 227328K, used 205259K [0x0000000080000000, 0x0000000100000000)
  region size 1024K, 92 young (94208K), 8 survivors (8192K)
 Metaspace       used 110610K, committed 112768K, reserved 1179648K
  class space    used 15127K, committed 16192K, reserved 1048576K
}
Event: 30.992 GC heap after
{Heap after GC invocations=48 (full 0):
 garbage-first heap   total 227328K, used 121682K [0x0000000080000000, 0x0000000100000000)
  region size 1024K, 9 young (9216K), 9 survivors (9216K)
 Metaspace       used 110610K, committed 112768K, reserved 1179648K
  class space    used 15127K, committed 16192K, reserved 1048576K
}
Event: 31.586 GC heap before
{Heap before GC invocations=48 (full 0):
 garbage-first heap   total 227328K, used 204626K [0x0000000080000000, 0x0000000100000000)
  region size 1024K, 91 young (93184K), 9 survivors (9216K)
 Metaspace       used 110611K, committed 112768K, reserved 1179648K
  class space    used 15127K, committed 16192K, reserved 1048576K
}
Event: 31.600 GC heap after
{Heap after GC invocations=49 (full 0):
 garbage-first heap   total 227328K, used 123738K [0x0000000080000000, 0x0000000100000000)
  region size 1024K, 8 young (8192K), 8 survivors (8192K)
 Metaspace       used 110611K, committed 112768K, reserved 1179648K
  class space    used 15127K, committed 16192K, reserved 1048576K
}
Event: 32.328 GC heap before
{Heap before GC invocations=50 (full 0):
 garbage-first heap   total 227328K, used 204634K [0x0000000080000000, 0x0000000100000000)
  region size 1024K, 88 young (90112K), 8 survivors (8192K)
 Metaspace       used 110662K, committed 112768K, reserved 1179648K
  class space    used 15128K, committed 16192K, reserved 1048576K
}
Event: 32.337 GC heap after
{Heap after GC invocations=51 (full 0):
 garbage-first heap   total 227328K, used 126078K [0x0000000080000000, 0x0000000100000000)
  region size 1024K, 7 young (7168K), 7 survivors (7168K)
 Metaspace       used 110662K, committed 112768K, reserved 1179648K
  class space    used 15128K, committed 16192K, reserved 1048576K
}
Event: 33.157 GC heap before
{Heap before GC invocations=51 (full 0):
 garbage-first heap   total 227328K, used 211070K [0x0000000080000000, 0x0000000100000000)
  region size 1024K, 86 young (88064K), 7 survivors (7168K)
 Metaspace       used 113159K, committed 115200K, reserved 1179648K
  class space    used 15399K, committed 16448K, reserved 1048576K
}
Event: 33.173 GC heap after
{Heap after GC invocations=52 (full 0):
 garbage-first heap   total 227328K, used 128996K [0x0000000080000000, 0x0000000100000000)
  region size 1024K, 9 young (9216K), 9 survivors (9216K)
 Metaspace       used 113159K, committed 115200K, reserved 1179648K
  class space    used 15399K, committed 16448K, reserved 1048576K
}

