# JRE version: OpenJDK Runtime Environment (21.0.5) (build 21.0.5+-12932927-b750.29)
# Java VM: OpenJDK 64-Bit Server VM (21.0.5+-12932927-b750.29, mixed mode, tiered, compressed oops, compressed class ptrs, g1 gc, windows-amd64)
GC Precious Log:
 CardTable entry size: 512
 Card Set container configuration: InlinePtr #cards 5 size 8 Array Of Cards #cards 12 size 40 Howl #buckets 4 coarsen threshold 1843 Howl Bitmap #cards 512 size 80 coarsen threshold 460 Card regions per heap region 1 cards per card region 2048
 CPUs: 8 total, 8 available
 Memory: 8035M
 Large Page Support: Disabled
 NUMA Support: Disabled
 Compressed Oops: Enabled (32-bit)
 Heap Region Size: 1M
 Heap Min Capacity: 8M
 Heap Initial Capacity: 126M
 Heap Max Capacity: 2G
 Pre-touch: Disabled
 Parallel Workers: 8
 Concurrent Workers: 2
 Concurrent Refinement Workers: 8
 Periodic GC: Disabled
Heap:
 garbage-first heap   total 384000K, used 274349K [0x0000000080000000, 0x0000000100000000)
  region size 1024K, 10 young (10240K), 10 survivors (10240K)
 Metaspace       used 116496K, committed 118656K, reserved 1179648K
  class space    used 15847K, committed 16960K, reserved 1048576K
GC Heap History (20 events):
Event: 23.753 GC heap after
{Heap after GC invocations=45 (full 0):
 garbage-first heap   total 189440K, used 114830K [0x0000000080000000, 0x0000000100000000)
  region size 1024K, 6 young (6144K), 6 survivors (6144K)
 Metaspace       used 109951K, committed 112128K, reserved 1179648K
  class space    used 15081K, committed 16192K, reserved 1048576K
}
Event: 24.213 GC heap before
{Heap before GC invocations=45 (full 0):
 garbage-first heap   total 189440K, used 171150K [0x0000000080000000, 0x0000000100000000)
  region size 1024K, 62 young (63488K), 6 survivors (6144K)
 Metaspace       used 110047K, committed 112192K, reserved 1179648K
  class space    used 15094K, committed 16192K, reserved 1048576K
}
Event: 24.223 GC heap after
{Heap after GC invocations=46 (full 0):
 garbage-first heap   total 227328K, used 116704K [0x0000000080000000, 0x0000000100000000)
  region size 1024K, 5 young (5120K), 5 survivors (5120K)
 Metaspace       used 110047K, committed 112192K, reserved 1179648K
  class space    used 15094K, committed 16192K, reserved 1048576K
}
Event: 25.547 GC heap before
{Heap before GC invocations=47 (full 0):
 garbage-first heap   total 227328K, used 212960K [0x0000000080000000, 0x0000000100000000)
  region size 1024K, 95 young (97280K), 5 survivors (5120K)
 Metaspace       used 111907K, committed 114048K, reserved 1179648K
  class space    used 15237K, committed 16320K, reserved 1048576K
}
Event: 25.562 GC heap after
{Heap after GC invocations=48 (full 0):
 garbage-first heap   total 227328K, used 120836K [0x0000000080000000, 0x0000000100000000)
  region size 1024K, 9 young (9216K), 9 survivors (9216K)
 Metaspace       used 111907K, committed 114048K, reserved 1179648K
  class space    used 15237K, committed 16320K, reserved 1048576K
}
Event: 26.596 GC heap before
{Heap before GC invocations=48 (full 0):
 garbage-first heap   total 227328K, used 203780K [0x0000000080000000, 0x0000000100000000)
  region size 1024K, 91 young (93184K), 9 survivors (9216K)
 Metaspace       used 112520K, committed 114752K, reserved 1179648K
  class space    used 15306K, committed 16448K, reserved 1048576K
}
Event: 26.621 GC heap after
{Heap after GC invocations=49 (full 0):
 garbage-first heap   total 227328K, used 123374K [0x0000000080000000, 0x0000000100000000)
  region size 1024K, 6 young (6144K), 6 survivors (6144K)
 Metaspace       used 112520K, committed 114752K, reserved 1179648K
  class space    used 15306K, committed 16448K, reserved 1048576K
}
Event: 28.121 GC heap before
{Heap before GC invocations=49 (full 0):
 garbage-first heap   total 227328K, used 207342K [0x0000000080000000, 0x0000000100000000)
  region size 1024K, 89 young (91136K), 6 survivors (6144K)
 Metaspace       used 112789K, committed 114944K, reserved 1179648K
  class space    used 15338K, committed 16448K, reserved 1048576K
}
Event: 28.135 GC heap after
{Heap after GC invocations=50 (full 0):
 garbage-first heap   total 227328K, used 125147K [0x0000000080000000, 0x0000000100000000)
  region size 1024K, 8 young (8192K), 8 survivors (8192K)
 Metaspace       used 112789K, committed 114944K, reserved 1179648K
  class space    used 15338K, committed 16448K, reserved 1048576K
}
Event: 30.758 GC heap before
{Heap before GC invocations=51 (full 0):
 garbage-first heap   total 227328K, used 225499K [0x0000000080000000, 0x0000000100000000)
  region size 1024K, 70 young (71680K), 8 survivors (8192K)
 Metaspace       used 115825K, committed 117952K, reserved 1179648K
  class space    used 15746K, committed 16832K, reserved 1048576K
}
Event: 30.797 GC heap after
{Heap after GC invocations=52 (full 0):
 garbage-first heap   total 248832K, used 176375K [0x0000000080000000, 0x0000000100000000)
  region size 1024K, 11 young (11264K), 11 survivors (11264K)
 Metaspace       used 115825K, committed 117952K, reserved 1179648K
  class space    used 15746K, committed 16832K, reserved 1048576K
}
Event: 31.000 GC heap before
{Heap before GC invocations=52 (full 0):
 garbage-first heap   total 248832K, used 247031K [0x0000000080000000, 0x0000000100000000)
  region size 1024K, 26 young (26624K), 11 survivors (11264K)
 Metaspace       used 116194K, committed 118336K, reserved 1179648K
  class space    used 15800K, committed 16896K, reserved 1048576K
}
Event: 31.037 GC heap after
{Heap after GC invocations=53 (full 0):
 garbage-first heap   total 268288K, used 201959K [0x0000000080000000, 0x0000000100000000)
  region size 1024K, 5 young (5120K), 5 survivors (5120K)
 Metaspace       used 116194K, committed 118336K, reserved 1179648K
  class space    used 15800K, committed 16896K, reserved 1048576K
}
Event: 31.051 GC heap before
{Heap before GC invocations=53 (full 0):
 garbage-first heap   total 268288K, used 208103K [0x0000000080000000, 0x0000000100000000)
  region size 1024K, 13 young (13312K), 5 survivors (5120K)
 Metaspace       used 116195K, committed 118336K, reserved 1179648K
  class space    used 15800K, committed 16896K, reserved 1048576K
}
Event: 31.059 GC heap after
{Heap after GC invocations=54 (full 0):
 garbage-first heap   total 268288K, used 206043K [0x0000000080000000, 0x0000000100000000)
  region size 1024K, 4 young (4096K), 4 survivors (4096K)
 Metaspace       used 116195K, committed 118336K, reserved 1179648K
  class space    used 15800K, committed 16896K, reserved 1048576K
}
Event: 31.489 GC heap before
{Heap before GC invocations=54 (full 0):
 garbage-first heap   total 268288K, used 266459K [0x0000000080000000, 0x0000000100000000)
  region size 1024K, 23 young (23552K), 4 survivors (4096K)
 Metaspace       used 116262K, committed 118400K, reserved 1179648K
  class space    used 15806K, committed 16896K, reserved 1048576K
}
Event: 31.502 GC heap after
{Heap after GC invocations=55 (full 0):
 garbage-first heap   total 279552K, used 229419K [0x0000000080000000, 0x0000000100000000)
  region size 1024K, 5 young (5120K), 5 survivors (5120K)
 Metaspace       used 116262K, committed 118400K, reserved 1179648K
  class space    used 15806K, committed 16896K, reserved 1048576K
}
Event: 32.436 GC heap before
{Heap before GC invocations=56 (full 0):
 garbage-first heap   total 384000K, used 251947K [0x0000000080000000, 0x0000000100000000)
  region size 1024K, 28 young (28672K), 5 survivors (5120K)
 Metaspace       used 116496K, committed 118656K, reserved 1179648K
  class space    used 15847K, committed 16960K, reserved 1048576K
}
Event: 32.459 GC heap after
{Heap after GC invocations=57 (full 0):
 garbage-first heap   total 384000K, used 238582K [0x0000000080000000, 0x0000000100000000)
  region size 1024K, 4 young (4096K), 4 survivors (4096K)
 Metaspace       used 116496K, committed 118656K, reserved 1179648K
  class space    used 15847K, committed 16960K, reserved 1048576K
}
Event: 34.731 GC heap before
{Heap before GC invocations=57 (full 0):
 garbage-first heap   total 384000K, used 321526K [0x0000000080000000, 0x0000000100000000)
  region size 1024K, 79 young (80896K), 4 survivors (4096K)
 Metaspace       used 116496K, committed 118656K, reserved 1179648K
  class space    used 15847K, committed 16960K, reserved 1048576K
}

